<?xml version="1.0" encoding="UTF-8"?>
<!-- Generated by org.testng.reporters.JUnitXMLReporter -->
<testsuite ignored="0" hostname="DESKTOP-EBOLRCA" failures="0" tests="1" name="Test" time="0.045" errors="0" timestamp="2020-05-13T11:28:43 IST">
  <testcase classname="testcases.Test4" name="@BeforeMethod login" time="0.002">
    <failure type="java.lang.NullPointerException">
      <![CDATA[java.lang.NullPointerException
at testcases.Test4.login(Test4.java:35)
at java.base/java.util.ArrayList.forEach(ArrayList.java:1540)
... Removed 31 stack frames]]>
    </failure>
  </testcase> <!-- @BeforeMethod login -->
  <testcase classname="testcases.Test4" name="getTitle" time="0.0">
    <skipped/>
  </testcase> <!-- getTitle -->
</testsuite> <!-- Test -->
